Logged on to:  monchc259
Begin model building.
Reading: /mnt/lnec/afanasm/Japan/block_x
Reading: /mnt/lnec/afanasm/Japan/block_y
Reading: /mnt/lnec/afanasm/Japan/block_z
Reading: /mnt/lnec/afanasm/Japan/dRHO
Reading: /mnt/lnec/afanasm/Japan/dVSV
Reading: /mnt/lnec/afanasm/Japan/dVSH
Reading: /mnt/lnec/afanasm/Japan/dVPP
Reading: ./dat/discontinuities/crust_x_smooth
Reading: ./dat/discontinuities/crust_y_smooth
Reading: ./dat/discontinuities/crust_vs_smooth
Reading: ./dat/discontinuities/crust_dep_smooth
Merging model.

----- Interpolating -----

Creating KDTree ( crust ).

Opening exodus file: /mnt/lnec/afanasm/cubitScratch/mesh/s20+/col000-090.lon090-180.rad5701-5971.000.ex2
Determining col/lon/rad box.
Creating KDTree ( model ).
Interpolating.
DEBUG -- CLOSING
File closed succesfully. 
DEBUG -- DONE_CLOSING 0

Opening exodus file: /mnt/lnec/afanasm/cubitScratch/mesh/s20+/col000-090.lon090-180.rad5971-6271.000.ex2
Determining col/lon/rad box.
Creating KDTree ( model ).
Interpolating.
DEBUG -- CLOSING
File closed succesfully. 
DEBUG -- DONE_CLOSING 0

Opening exodus file: /mnt/lnec/afanasm/cubitScratch/mesh/s20+/col000-090.lon090-180.rad6271-6371.000.ex2
Determining col/lon/rad box.
Creating KDTree ( model ).
Interpolating.
DEBUG -- CLOSING
File closed succesfully. 
DEBUG -- DONE_CLOSING 0
