Logged on to:  monchhm05
Begin model building.
Reading: ./dat/discontinuities/crust_x_smooth
Reading: ./dat/discontinuities/crust_y_smooth
Reading: ./dat/discontinuities/crust_vs_smooth
Reading: ./dat/discontinuities/crust_dep_smooth
Merging model.

----- Interpolating Crust -----

Creating KDTree ( crust ).

Opening exodus file: /mnt/lnec/afanasm/cubitScratch/mesh/s20+/col000-090.lon000-090.rad6271-6371.000.ex2
Determining col/lon/rad box.
Adding crust.
Debug 1
Debug 2
Debug 3
DEBUG -- CLOSING
File closed succesfully. 
DEBUG -- DONE_CLOSING 0

Opening exodus file: /mnt/lnec/afanasm/cubitScratch/mesh/s20+/col000-090.lon090-180.rad6271-6371.000.ex2
Determining col/lon/rad box.
Adding crust.
Debug 1
Debug 2
Debug 3
DEBUG -- CLOSING
File closed succesfully. 
DEBUG -- DONE_CLOSING 0

Opening exodus file: /mnt/lnec/afanasm/cubitScratch/mesh/s20+/col000-090.lon180-270.rad6271-6371.000.ex2
Determining col/lon/rad box.
Adding crust.
Debug 1
Debug 2
Debug 3
DEBUG -- CLOSING
File closed succesfully. 
DEBUG -- DONE_CLOSING 0

Opening exodus file: /mnt/lnec/afanasm/cubitScratch/mesh/s20+/col000-090.lon270-360.rad6271-6371.000.ex2
Determining col/lon/rad box.
Adding crust.
Debug 1
Debug 2
Debug 3
DEBUG -- CLOSING
File closed succesfully. 
DEBUG -- DONE_CLOSING 0

Opening exodus file: /mnt/lnec/afanasm/cubitScratch/mesh/s20+/col090-180.lon000-090.rad6271-6371.000.ex2
Determining col/lon/rad box.
Adding crust.
Debug 1
Debug 2
Debug 3
DEBUG -- CLOSING
File closed succesfully. 
DEBUG -- DONE_CLOSING 0

Opening exodus file: /mnt/lnec/afanasm/cubitScratch/mesh/s20+/col090-180.lon090-180.rad6271-6371.000.ex2
Determining col/lon/rad box.
Adding crust.
Debug 1
Debug 2
Debug 3
DEBUG -- CLOSING
File closed succesfully. 
DEBUG -- DONE_CLOSING 0

Opening exodus file: /mnt/lnec/afanasm/cubitScratch/mesh/s20+/col090-180.lon180-270.rad6271-6371.000.ex2
Determining col/lon/rad box.
Adding crust.
Debug 1
Debug 2
Debug 3
DEBUG -- CLOSING
File closed succesfully. 
DEBUG -- DONE_CLOSING 0

Opening exodus file: /mnt/lnec/afanasm/cubitScratch/mesh/s20+/col090-180.lon270-360.rad6271-6371.000.ex2
Determining col/lon/rad box.
Adding crust.
Debug 1
Debug 2
Debug 3
DEBUG -- CLOSING
File closed succesfully. 
DEBUG -- DONE_CLOSING 0
